<?xml version="1.0" encoding="UTF-8"?>
<testsuite xmlns:xsi="http://www.w3.org/2001/XMLSchema-instance" xsi:noNamespaceSchemaLocation="https://maven.apache.org/surefire/maven-surefire-plugin/xsd/surefire-test-report-3.0.xsd" version="3.0" name="TestSuite" time="6.403" tests="1" errors="0" skipped="0" failures="0">
  <properties>
[...]
</properties>
  <testcase name="testGetUser" classname="com.tests.DemoTest" time="3.594">
    <system-out><![CDATA[2026-07-26 07:35:48 [main] INFO  com.utils.ExtentReportFilter - Sending Request - Method: GET, URI: https://reqres.in/api/users/?page=2
Request URI:	https://reqres.in/api/users/?page=2
2026-07-26 07:35:50 [main] INFO  com.utils.ExtentReportFilter - Received Response - Status Code: 200
]]></system-out>
  </testcase>
</testsuite>