<?xml version="1.0" encoding="UTF-8"?>
<testng-results ignored="0" total="1" passed="1" failed="0" skipped="0">
  <reporter-output>
  </reporter-output>
  <suite started-at="2026-07-26T07:35:46 IST" name="Rest Automation Demo Suite" finished-at="2026-07-26T07:35:50 IST" duration-ms="3965">
    <groups>
    </groups>
    <test started-at="2026-07-26T07:35:46 IST" name="Demo execution" finished-at="2026-07-26T07:35:50 IST" duration-ms="3965">
      <class name="com.tests.DemoTest">
        <test-method is-config="true" signature="setupSuite()[pri:0, instance:com.tests.DemoTest@61544ae6]" started-at="2026-07-26T07:35:46 IST" name="setupSuite" finished-at="2026-07-26T07:35:46 IST" duration-ms="683" status="PASS">
          <reporter-output>
          </reporter-output>
        </test-method> <!-- setupSuite -->
        <test-method signature="testGetUser()[pri:0, instance:com.tests.DemoTest@61544ae6]" started-at="2026-07-26T07:35:47 IST" name="testGetUser" finished-at="2026-07-26T07:35:50 IST" duration-ms="3601" status="PASS">
          <reporter-output>
          </reporter-output>
        </test-method> <!-- testGetUser -->
      </class> <!-- com.tests.DemoTest -->
    </test> <!-- Demo execution -->
  </suite> <!-- Rest Automation Demo Suite -->
</testng-results>
