<?xml version="1.0" encoding="UTF-8"?>
<testng-results ignored="0" total="1" passed="1" failed="0" skipped="0">
  <reporter-output>
  </reporter-output>
  <suite started-at="2026-07-26T17:50:29 IST" name="Default suite" finished-at="2026-07-26T17:50:32 IST" duration-ms="3029">
    <groups>
    </groups>
    <test started-at="2026-07-26T17:50:29 IST" name="Default test" finished-at="2026-07-26T17:50:32 IST" duration-ms="3029">
      <class name="com.tests.testttt">
        <test-method signature="m1()[pri:0, instance:com.tests.testttt@6995bf68]" started-at="2026-07-26T17:50:29 IST" name="m1" finished-at="2026-07-26T17:50:32 IST" duration-ms="2985" status="PASS">
          <reporter-output>
          </reporter-output>
        </test-method> <!-- m1 -->
      </class> <!-- com.tests.testttt -->
    </test> <!-- Default test -->
  </suite> <!-- Default suite -->
</testng-results>
