<?xml version="1.0" encoding="UTF-8"?>
<testng-results ignored="0" total="1" passed="1" failed="0" skipped="0">
  <reporter-output>
  </reporter-output>
  <suite started-at="2026-07-27T07:13:17 IST" name="Default suite" finished-at="2026-07-27T07:13:19 IST" duration-ms="2844">
    <groups>
    </groups>
    <test started-at="2026-07-27T07:13:17 IST" name="Default test" finished-at="2026-07-27T07:13:19 IST" duration-ms="2844">
      <class name="com.tests.Test">
        <test-method signature="m1()[pri:0, instance:com.tests.Test@503ecb24]" started-at="2026-07-27T07:13:17 IST" name="m1" finished-at="2026-07-27T07:13:19 IST" duration-ms="2803" status="PASS">
          <reporter-output>
          </reporter-output>
        </test-method> <!-- m1 -->
      </class> <!-- com.tests.Test -->
    </test> <!-- Default test -->
  </suite> <!-- Default suite -->
</testng-results>
