<?xml version="1.0" encoding="UTF-8"?>
<!-- Generated by org.testng.reporters.JUnitReportReporter -->
<testsuite hostname="YB1015248LT" failures="0" tests="4" name="com.tests.RestfulEndtoEnd" time="7.225" errors="0" timestamp="2026-07-27T06:52:06 IST" skipped="0">
  <testcase classname="com.tests.RestfulEndtoEnd" name="updateBooking" time="1.904"/>
  <testcase classname="com.tests.RestfulEndtoEnd" name="partialUpdateBooking" time="1.703"/>
  <testcase classname="com.tests.RestfulEndtoEnd" name="createBooking" time="2.008"/>
  <testcase classname="com.tests.RestfulEndtoEnd" name="deleteBooking" time="1.610"/>
</testsuite> <!-- com.tests.RestfulEndtoEnd -->
