<?xml version="1.0" encoding="UTF-8"?>
<!-- Generated by org.testng.reporters.JUnitReportReporter -->
<testsuite hostname="YB1015248LT" failures="0" tests="4" name="com.tests.RestfulEndtoEnd" time="6.310" errors="0" timestamp="2026-07-26T08:08:28 IST" skipped="0">
  <testcase classname="com.tests.RestfulEndtoEnd" name="updateBooking" time="1.487"/>
  <testcase classname="com.tests.RestfulEndtoEnd" name="partialUpdateBooking" time="1.569"/>
  <testcase classname="com.tests.RestfulEndtoEnd" name="deleteBooking" time="1.578"/>
  <testcase classname="com.tests.RestfulEndtoEnd" name="createBooking" time="1.676"/>
</testsuite> <!-- com.tests.RestfulEndtoEnd -->
